<?xml version="1.0" encoding="UTF-8"?>
<ns2:test-suite xmlns:ns2="urn:model.allure.qatools.yandex.ru" start="1448295022726" stop="1448295084094">
	<name>CustomerCard</name>
	<title>CustomerCard</title>
	<test-cases>
		<test-case start="1448295022726" stop="1448295052973" status="failed">
			<name>Установка Имя доставки=Имя клиента в случае юридического лица</name>
			<title>Установка Имя доставки=Имя клиента в случае юридического лица</title>
			<description></description>
			<labels>
			</labels>
			<steps>
			</steps>
			<attachments>
			</attachments>
			<failure>
				<message>Error: Timeout - Async callback was not invoked within timeout specified by jasmine.DEFAULT_TIMEOUT_INTERVAL.</message>
				<stack-trace>Error: Timeout - Async callback was not invoked within timeout specified by jasmine.DEFAULT_TIMEOUT_INTERVAL.
    at [object Object]._onTimeout (C:\Users\marina.peunkova\AppData\Roaming\npm\node_modules\protractor\node_modules\jasmine-core\lib\jasmine-core\jasmine.js:1812:23)
    at Timer.listOnTimeout (timers.js:92:15)</stack-trace>
			</failure>
		</test-case>
		<test-case start="1448295052973" stop="1448295084094" status="failed">
			<name>Установка Имя доставки=Имя клиента в случае физического лица</name>
			<title>Установка Имя доставки=Имя клиента в случае физического лица</title>
			<description></description>
			<labels>
			</labels>
			<steps>
			</steps>
			<attachments>
			</attachments>
			<failure>
				<message>Failed: session f9ebd5d5-57fe-4eec-b413-a515ff72ba3d does not exist
Command duration or timeout: 0 milliseconds
Build info: version: &apos;2.47.1&apos;, revision: &apos;411b314&apos;, time: &apos;2015-07-30 03:03:16&apos;
System info: host: &apos;WKS-15097&apos;, ip: &apos;172.20.106.79&apos;, os.name: &apos;Windows 7&apos;, os.arch: &apos;amd64&apos;, os.version: &apos;6.1&apos;, java.version: &apos;1.8.0_65&apos;
Driver info: org.openqa.selenium.ie.InternetExplorerDriver
Capabilities [{browserAttachTimeout=0, enablePersistentHover=true, ie.forceCreateProcessApi=false, ie.usePerProcessProxy=false, ignoreZoomSetting=false, handlesAlerts=true, version=11, platform=WINDOWS, nativeEvents=true, ie.ensureCleanSession=false, elementScrollBehavior=0, ie.browserCommandLineSwitches=, requireWindowFocus=false, browserName=internet explorer, initialBrowserUrl=http://localhost:33312/, takesScreenshot=true, javascriptEnabled=true, ignoreProtectedModeSettings=false, enableElementCacheCleanup=true, cssSelectorsEnabled=true, unexpectedAlertBehaviour=dismiss}]
Session ID: f9ebd5d5-57fe-4eec-b413-a515ff72ba3d</message>
				<stack-trace>UnknownError: session f9ebd5d5-57fe-4eec-b413-a515ff72ba3d does not exist
Command duration or timeout: 0 milliseconds
Build info: version: &apos;2.47.1&apos;, revision: &apos;411b314&apos;, time: &apos;2015-07-30 03:03:16&apos;
System info: host: &apos;WKS-15097&apos;, ip: &apos;172.20.106.79&apos;, os.name: &apos;Windows 7&apos;, os.arch: &apos;amd64&apos;, os.version: &apos;6.1&apos;, java.version: &apos;1.8.0_65&apos;
Driver info: org.openqa.selenium.ie.InternetExplorerDriver
Capabilities [{browserAttachTimeout=0, enablePersistentHover=true, ie.forceCreateProcessApi=false, ie.usePerProcessProxy=false, ignoreZoomSetting=false, handlesAlerts=true, version=11, platform=WINDOWS, nativeEvents=true, ie.ensureCleanSession=false, elementScrollBehavior=0, ie.browserCommandLineSwitches=, requireWindowFocus=false, browserName=internet explorer, initialBrowserUrl=http://localhost:33312/, takesScreenshot=true, javascriptEnabled=true, ignoreProtectedModeSettings=false, enableElementCacheCleanup=true, cssSelectorsEnabled=true, unexpectedAlertBehaviour=dismiss}]
Session ID: f9ebd5d5-57fe-4eec-b413-a515ff72ba3d
    at new bot.Error (C:\Users\marina.peunkova\AppData\Roaming\npm\node_modules\protractor\node_modules\selenium-webdriver\lib\atoms\error.js:108:18)
    at Object.bot.response.checkResponse (C:\Users\marina.peunkova\AppData\Roaming\npm\node_modules\protractor\node_modules\selenium-webdriver\lib\atoms\response.js:109:9)
    at C:\Users\marina.peunkova\AppData\Roaming\npm\node_modules\protractor\node_modules\selenium-webdriver\lib\webdriver\webdriver.js:379:20
    at [object Object].promise.ControlFlow.runInFrame_ (C:/Users/marina.peunkova/AppData/Roaming/npm/node_modules/protractor/node_modules/selenium-webdriver/lib/goog/../webdriver/promise.js:1857:20)
    at [object Object].goog.defineClass.notify (C:/Users/marina.peunkova/AppData/Roaming/npm/node_modules/protractor/node_modules/selenium-webdriver/lib/goog/../webdriver/promise.js:2448:25)
    at [object Object].promise.Promise.notify_ (C:/Users/marina.peunkova/AppData/Roaming/npm/node_modules/protractor/node_modules/selenium-webdriver/lib/goog/../webdriver/promise.js:564:12)
    at Array.forEach (native)
    at [object Object].promise.Promise.notifyAll_ (C:/Users/marina.peunkova/AppData/Roaming/npm/node_modules/protractor/node_modules/selenium-webdriver/lib/goog/../webdriver/promise.js:553:15)
    at goog.async.run.processWorkQueue (C:\Users\marina.peunkova\AppData\Roaming\npm\node_modules\protractor\node_modules\selenium-webdriver\lib\goog\async\run.js:130:15)
    at process._tickCallback (node.js:377:9)
From: Task: &lt;anonymous&gt;
    at [object Object].pollCondition [as _onTimeout] (C:/Users/marina.peunkova/AppData/Roaming/npm/node_modules/protractor/node_modules/selenium-webdriver/lib/goog/../webdriver/promise.js:1614:14)
    at Timer.listOnTimeout (timers.js:92:15)
From: Task: &lt;anonymous wait&gt;
    at [object Object].promise.ControlFlow.wait (C:/Users/marina.peunkova/AppData/Roaming/npm/node_modules/protractor/node_modules/selenium-webdriver/lib/goog/../webdriver/promise.js:1606:15)
    at [object Object].webdriver.WebDriver.wait (C:\Users\marina.peunkova\AppData\Roaming\npm\node_modules\protractor\node_modules\selenium-webdriver\lib\webdriver\webdriver.js:716:21)
    at [object Object].to.(anonymous function) [as wait] (C:\Users\marina.peunkova\AppData\Roaming\npm\node_modules\protractor\lib\protractor.js:65:25)
    at untilElementIsPresentedNotPresented (C:\protractor\protractor\resource\marina\SBMS-CreateCustomer-CopyNameAndContact.js:51:10)
    at Object.&lt;anonymous&gt; (C:\protractor\protractor\resource\marina\SBMS-CreateCustomer-CopyNameAndContact.js:96:6)
    at C:\Users\marina.peunkova\AppData\Roaming\npm\node_modules\protractor\node_modules\jasminewd2\index.js:96:23
    at new promise.Promise (C:/Users/marina.peunkova/AppData/Roaming/npm/node_modules/protractor/node_modules/selenium-webdriver/lib/goog/../webdriver/promise.js:368:5)
    at controlFlowExecute (C:\Users\marina.peunkova\AppData\Roaming\npm\node_modules\protractor\node_modules\jasminewd2\index.js:82:18)
    at [object Object].promise.ControlFlow.runInFrame_ (C:/Users/marina.peunkova/AppData/Roaming/npm/node_modules/protractor/node_modules/selenium-webdriver/lib/goog/../webdriver/promise.js:1857:20)
    at [object Object].promise.ControlFlow.runEventLoop_ (C:/Users/marina.peunkova/AppData/Roaming/npm/node_modules/protractor/node_modules/selenium-webdriver/lib/goog/../webdriver/promise.js:1729:8)
From: Task: Run beforeEach in control flow
    at Object.&lt;anonymous&gt; (C:\Users\marina.peunkova\AppData\Roaming\npm\node_modules\protractor\node_modules\jasminewd2\index.js:81:14)
    at attemptAsync (C:\Users\marina.peunkova\AppData\Roaming\npm\node_modules\protractor\node_modules\jasmine-core\lib\jasmine-core\jasmine.js:1819:24)
    at QueueRunner.run (C:\Users\marina.peunkova\AppData\Roaming\npm\node_modules\protractor\node_modules\jasmine-core\lib\jasmine-core\jasmine.js:1774:9)
    at C:\Users\marina.peunkova\AppData\Roaming\npm\node_modules\protractor\node_modules\jasmine-core\lib\jasmine-core\jasmine.js:1801:16
    at C:\Users\marina.peunkova\AppData\Roaming\npm\node_modules\protractor\node_modules\jasmine-core\lib\jasmine-core\jasmine.js:1745:9
    at C:\Users\marina.peunkova\AppData\Roaming\npm\node_modules\protractor\node_modules\jasminewd2\index.js:18:5
    at [object Object].promise.ControlFlow.runInFrame_ (C:/Users/marina.peunkova/AppData/Roaming/npm/node_modules/protractor/node_modules/selenium-webdriver/lib/goog/../webdriver/promise.js:1857:20)
    at [object Object].goog.defineClass.notify (C:/Users/marina.peunkova/AppData/Roaming/npm/node_modules/protractor/node_modules/selenium-webdriver/lib/goog/../webdriver/promise.js:2448:25)
    at [object Object].promise.Promise.notify_ (C:/Users/marina.peunkova/AppData/Roaming/npm/node_modules/protractor/node_modules/selenium-webdriver/lib/goog/../webdriver/promise.js:564:12)
    at Array.forEach (native)
From asynchronous test: 
Error
    at Suite.&lt;anonymous&gt; (C:\protractor\protractor\resource\marina\SBMS-CreateCustomer-CopyNameAndContact.js:89:5)
    at addSpecsToSuite (C:\Users\marina.peunkova\AppData\Roaming\npm\node_modules\protractor\node_modules\jasmine-core\lib\jasmine-core\jasmine.js:743:25)
    at Env.describe (C:\Users\marina.peunkova\AppData\Roaming\npm\node_modules\protractor\node_modules\jasmine-core\lib\jasmine-core\jasmine.js:713:7)
    at jasmineInterface.describe (C:\Users\marina.peunkova\AppData\Roaming\npm\node_modules\protractor\node_modules\jasmine-core\lib\jasmine-core\jasmine.js:3219:18)
    at Object.&lt;anonymous&gt; (C:\protractor\protractor\resource\marina\SBMS-CreateCustomer-CopyNameAndContact.js:2:1)
    at Module._compile (module.js:425:26)
    at Object.Module._extensions..js (module.js:432:10)
    at Module.load (module.js:356:32)
    at Function.Module._load (module.js:311:12)</stack-trace>
			</failure>
		</test-case>
	</test-cases>
</ns2:test-suite>