<?xml version="1.0" encoding="UTF-8"?>
<ns2:test-suite xmlns:ns2="urn:model.allure.qatools.yandex.ru" start="1447857172632" stop="1447857173642">
	<name>Установка переключателя: &quot;Нет&quot;</name>
	<title>Установка переключателя: &quot;Нет&quot;</title>
	<test-cases>
		<test-case start="1447857172642" stop="1447857172642" status="failed">
			<name>Установить переключатель &quot;Нет&quot;</name>
			<title>Установить переключатель &quot;Нет&quot;</title>
			<description></description>
			<labels>
			</labels>
			<steps>
			</steps>
			<attachments>
			</attachments>
			<failure>
				<message>Failed: load is not defined</message>
				<stack-trace>ReferenceError: load is not defined
    at Object.&lt;anonymous&gt; (C:\protractor\protractor\resource\list-of-references\filter-list-of-references\work-with-extended-filter\additional\setSelectorNo.js:19:5)
    at C:\Users\marina.peunkova\AppData\Roaming\npm\node_modules\protractor\node_modules\jasminewd2\index.js:96:23
    at new promise.Promise (C:/Users/marina.peunkova/AppData/Roaming/npm/node_modules/protractor/node_modules/selenium-webdriver/lib/goog/../webdriver/promise.js:368:5)
    at controlFlowExecute (C:\Users\marina.peunkova\AppData\Roaming\npm\node_modules\protractor\node_modules\jasminewd2\index.js:82:18)
    at [object Object].promise.ControlFlow.runInFrame_ (C:/Users/marina.peunkova/AppData/Roaming/npm/node_modules/protractor/node_modules/selenium-webdriver/lib/goog/../webdriver/promise.js:1857:20)
    at [object Object].promise.ControlFlow.runEventLoop_ (C:/Users/marina.peunkova/AppData/Roaming/npm/node_modules/protractor/node_modules/selenium-webdriver/lib/goog/../webdriver/promise.js:1729:8)
    at [object Object].eval (C:/Users/marina.peunkova/AppData/Roaming/npm/node_modules/protractor/node_modules/selenium-webdriver/lib/goog/../webdriver/promise.js:2043:12)
    at goog.async.run.processWorkQueue (C:\Users\marina.peunkova\AppData\Roaming\npm\node_modules\protractor\node_modules\selenium-webdriver\lib\goog\async\run.js:130:15)
    at process._tickCallback (node.js:377:9)
From: Task: Run beforeAll in control flow
    at Object.&lt;anonymous&gt; (C:\Users\marina.peunkova\AppData\Roaming\npm\node_modules\protractor\node_modules\jasminewd2\index.js:81:14)
    at attemptAsync (C:\Users\marina.peunkova\AppData\Roaming\npm\node_modules\protractor\node_modules\jasmine-core\lib\jasmine-core\jasmine.js:1819:24)
    at QueueRunner.run (C:\Users\marina.peunkova\AppData\Roaming\npm\node_modules\protractor\node_modules\jasmine-core\lib\jasmine-core\jasmine.js:1774:9)
    at QueueRunner.execute (C:\Users\marina.peunkova\AppData\Roaming\npm\node_modules\protractor\node_modules\jasmine-core\lib\jasmine-core\jasmine.js:1762:10)
    at Env.queueRunnerFactory (C:\Users\marina.peunkova\AppData\Roaming\npm\node_modules\protractor\node_modules\jasmine-core\lib\jasmine-core\jasmine.js:627:35)
    at Object.fn (C:\Users\marina.peunkova\AppData\Roaming\npm\node_modules\protractor\node_modules\jasmine-core\lib\jasmine-core\jasmine.js:2345:13)
    at attemptAsync (C:\Users\marina.peunkova\AppData\Roaming\npm\node_modules\protractor\node_modules\jasmine-core\lib\jasmine-core\jasmine.js:1819:24)
    at QueueRunner.run (C:\Users\marina.peunkova\AppData\Roaming\npm\node_modules\protractor\node_modules\jasmine-core\lib\jasmine-core\jasmine.js:1774:9)
    at C:\Users\marina.peunkova\AppData\Roaming\npm\node_modules\protractor\node_modules\jasmine-core\lib\jasmine-core\jasmine.js:1801:16
    at C:\Users\marina.peunkova\AppData\Roaming\npm\node_modules\protractor\node_modules\jasmine-core\lib\jasmine-core\jasmine.js:1745:9
From asynchronous test: 
Error
    at Suite.&lt;anonymous&gt; (C:\protractor\protractor\resource\list-of-references\filter-list-of-references\work-with-extended-filter\additional\setSelectorNo.js:16:3)
    at addSpecsToSuite (C:\Users\marina.peunkova\AppData\Roaming\npm\node_modules\protractor\node_modules\jasmine-core\lib\jasmine-core\jasmine.js:743:25)
    at Env.describe (C:\Users\marina.peunkova\AppData\Roaming\npm\node_modules\protractor\node_modules\jasmine-core\lib\jasmine-core\jasmine.js:713:7)
    at jasmineInterface.describe (C:\Users\marina.peunkova\AppData\Roaming\npm\node_modules\protractor\node_modules\jasmine-core\lib\jasmine-core\jasmine.js:3219:18)
    at Object.&lt;anonymous&gt; (C:\protractor\protractor\resource\list-of-references\filter-list-of-references\work-with-extended-filter\additional\setSelectorNo.js:5:1)
    at Module._compile (module.js:425:26)
    at Object.Module._extensions..js (module.js:432:10)
    at Module.load (module.js:356:32)
    at Function.Module._load (module.js:311:12)</stack-trace>
			</failure>
		</test-case>
		<test-case start="1447857172642" stop="1447857172942" status="failed">
			<name>Внешний вид. Заголовок.</name>
			<title>Внешний вид. Заголовок.</title>
			<description></description>
			<labels>
			</labels>
			<steps>
			</steps>
			<attachments>
			</attachments>
			<failure>
				<message>Failed: load is not defined</message>
				<stack-trace>ReferenceError: load is not defined
    at Object.&lt;anonymous&gt; (C:\protractor\protractor\resource\list-of-references\filter-list-of-references\work-with-extended-filter\additional\setSelectorNo.js:19:5)
    at C:\Users\marina.peunkova\AppData\Roaming\npm\node_modules\protractor\node_modules\jasminewd2\index.js:96:23
    at new promise.Promise (C:/Users/marina.peunkova/AppData/Roaming/npm/node_modules/protractor/node_modules/selenium-webdriver/lib/goog/../webdriver/promise.js:368:5)
    at controlFlowExecute (C:\Users\marina.peunkova\AppData\Roaming\npm\node_modules\protractor\node_modules\jasminewd2\index.js:82:18)
    at [object Object].promise.ControlFlow.runInFrame_ (C:/Users/marina.peunkova/AppData/Roaming/npm/node_modules/protractor/node_modules/selenium-webdriver/lib/goog/../webdriver/promise.js:1857:20)
    at [object Object].promise.ControlFlow.runEventLoop_ (C:/Users/marina.peunkova/AppData/Roaming/npm/node_modules/protractor/node_modules/selenium-webdriver/lib/goog/../webdriver/promise.js:1729:8)
    at [object Object].eval (C:/Users/marina.peunkova/AppData/Roaming/npm/node_modules/protractor/node_modules/selenium-webdriver/lib/goog/../webdriver/promise.js:2043:12)
    at goog.async.run.processWorkQueue (C:\Users\marina.peunkova\AppData\Roaming\npm\node_modules\protractor\node_modules\selenium-webdriver\lib\goog\async\run.js:130:15)
    at process._tickCallback (node.js:377:9)
From: Task: Run beforeAll in control flow
    at Object.&lt;anonymous&gt; (C:\Users\marina.peunkova\AppData\Roaming\npm\node_modules\protractor\node_modules\jasminewd2\index.js:81:14)
    at attemptAsync (C:\Users\marina.peunkova\AppData\Roaming\npm\node_modules\protractor\node_modules\jasmine-core\lib\jasmine-core\jasmine.js:1819:24)
    at QueueRunner.run (C:\Users\marina.peunkova\AppData\Roaming\npm\node_modules\protractor\node_modules\jasmine-core\lib\jasmine-core\jasmine.js:1774:9)
    at QueueRunner.execute (C:\Users\marina.peunkova\AppData\Roaming\npm\node_modules\protractor\node_modules\jasmine-core\lib\jasmine-core\jasmine.js:1762:10)
    at Env.queueRunnerFactory (C:\Users\marina.peunkova\AppData\Roaming\npm\node_modules\protractor\node_modules\jasmine-core\lib\jasmine-core\jasmine.js:627:35)
    at Object.fn (C:\Users\marina.peunkova\AppData\Roaming\npm\node_modules\protractor\node_modules\jasmine-core\lib\jasmine-core\jasmine.js:2345:13)
    at attemptAsync (C:\Users\marina.peunkova\AppData\Roaming\npm\node_modules\protractor\node_modules\jasmine-core\lib\jasmine-core\jasmine.js:1819:24)
    at QueueRunner.run (C:\Users\marina.peunkova\AppData\Roaming\npm\node_modules\protractor\node_modules\jasmine-core\lib\jasmine-core\jasmine.js:1774:9)
    at C:\Users\marina.peunkova\AppData\Roaming\npm\node_modules\protractor\node_modules\jasmine-core\lib\jasmine-core\jasmine.js:1801:16
    at C:\Users\marina.peunkova\AppData\Roaming\npm\node_modules\protractor\node_modules\jasmine-core\lib\jasmine-core\jasmine.js:1745:9
From asynchronous test: 
Error
    at Suite.&lt;anonymous&gt; (C:\protractor\protractor\resource\list-of-references\filter-list-of-references\work-with-extended-filter\additional\setSelectorNo.js:16:3)
    at addSpecsToSuite (C:\Users\marina.peunkova\AppData\Roaming\npm\node_modules\protractor\node_modules\jasmine-core\lib\jasmine-core\jasmine.js:743:25)
    at Env.describe (C:\Users\marina.peunkova\AppData\Roaming\npm\node_modules\protractor\node_modules\jasmine-core\lib\jasmine-core\jasmine.js:713:7)
    at jasmineInterface.describe (C:\Users\marina.peunkova\AppData\Roaming\npm\node_modules\protractor\node_modules\jasmine-core\lib\jasmine-core\jasmine.js:3219:18)
    at Object.&lt;anonymous&gt; (C:\protractor\protractor\resource\list-of-references\filter-list-of-references\work-with-extended-filter\additional\setSelectorNo.js:5:1)
    at Module._compile (module.js:425:26)
    at Object.Module._extensions..js (module.js:432:10)
    at Module.load (module.js:356:32)
    at Function.Module._load (module.js:311:12)</stack-trace>
			</failure>
		</test-case>
		<test-case start="1447857172942" stop="1447857172952" status="failed">
			<name>Внешний вид. Название RadioButton&apos;ов.</name>
			<title>Внешний вид. Название RadioButton&apos;ов.</title>
			<description></description>
			<labels>
			</labels>
			<steps>
			</steps>
			<attachments>
			</attachments>
			<failure>
				<message>Failed: load is not defined</message>
				<stack-trace>ReferenceError: load is not defined
    at Object.&lt;anonymous&gt; (C:\protractor\protractor\resource\list-of-references\filter-list-of-references\work-with-extended-filter\additional\setSelectorNo.js:19:5)
    at C:\Users\marina.peunkova\AppData\Roaming\npm\node_modules\protractor\node_modules\jasminewd2\index.js:96:23
    at new promise.Promise (C:/Users/marina.peunkova/AppData/Roaming/npm/node_modules/protractor/node_modules/selenium-webdriver/lib/goog/../webdriver/promise.js:368:5)
    at controlFlowExecute (C:\Users\marina.peunkova\AppData\Roaming\npm\node_modules\protractor\node_modules\jasminewd2\index.js:82:18)
    at [object Object].promise.ControlFlow.runInFrame_ (C:/Users/marina.peunkova/AppData/Roaming/npm/node_modules/protractor/node_modules/selenium-webdriver/lib/goog/../webdriver/promise.js:1857:20)
    at [object Object].promise.ControlFlow.runEventLoop_ (C:/Users/marina.peunkova/AppData/Roaming/npm/node_modules/protractor/node_modules/selenium-webdriver/lib/goog/../webdriver/promise.js:1729:8)
    at [object Object].eval (C:/Users/marina.peunkova/AppData/Roaming/npm/node_modules/protractor/node_modules/selenium-webdriver/lib/goog/../webdriver/promise.js:2043:12)
    at goog.async.run.processWorkQueue (C:\Users\marina.peunkova\AppData\Roaming\npm\node_modules\protractor\node_modules\selenium-webdriver\lib\goog\async\run.js:130:15)
    at process._tickCallback (node.js:377:9)
From: Task: Run beforeAll in control flow
    at Object.&lt;anonymous&gt; (C:\Users\marina.peunkova\AppData\Roaming\npm\node_modules\protractor\node_modules\jasminewd2\index.js:81:14)
    at attemptAsync (C:\Users\marina.peunkova\AppData\Roaming\npm\node_modules\protractor\node_modules\jasmine-core\lib\jasmine-core\jasmine.js:1819:24)
    at QueueRunner.run (C:\Users\marina.peunkova\AppData\Roaming\npm\node_modules\protractor\node_modules\jasmine-core\lib\jasmine-core\jasmine.js:1774:9)
    at QueueRunner.execute (C:\Users\marina.peunkova\AppData\Roaming\npm\node_modules\protractor\node_modules\jasmine-core\lib\jasmine-core\jasmine.js:1762:10)
    at Env.queueRunnerFactory (C:\Users\marina.peunkova\AppData\Roaming\npm\node_modules\protractor\node_modules\jasmine-core\lib\jasmine-core\jasmine.js:627:35)
    at Object.fn (C:\Users\marina.peunkova\AppData\Roaming\npm\node_modules\protractor\node_modules\jasmine-core\lib\jasmine-core\jasmine.js:2345:13)
    at attemptAsync (C:\Users\marina.peunkova\AppData\Roaming\npm\node_modules\protractor\node_modules\jasmine-core\lib\jasmine-core\jasmine.js:1819:24)
    at QueueRunner.run (C:\Users\marina.peunkova\AppData\Roaming\npm\node_modules\protractor\node_modules\jasmine-core\lib\jasmine-core\jasmine.js:1774:9)
    at C:\Users\marina.peunkova\AppData\Roaming\npm\node_modules\protractor\node_modules\jasmine-core\lib\jasmine-core\jasmine.js:1801:16
    at C:\Users\marina.peunkova\AppData\Roaming\npm\node_modules\protractor\node_modules\jasmine-core\lib\jasmine-core\jasmine.js:1745:9
From asynchronous test: 
Error
    at Suite.&lt;anonymous&gt; (C:\protractor\protractor\resource\list-of-references\filter-list-of-references\work-with-extended-filter\additional\setSelectorNo.js:16:3)
    at addSpecsToSuite (C:\Users\marina.peunkova\AppData\Roaming\npm\node_modules\protractor\node_modules\jasmine-core\lib\jasmine-core\jasmine.js:743:25)
    at Env.describe (C:\Users\marina.peunkova\AppData\Roaming\npm\node_modules\protractor\node_modules\jasmine-core\lib\jasmine-core\jasmine.js:713:7)
    at jasmineInterface.describe (C:\Users\marina.peunkova\AppData\Roaming\npm\node_modules\protractor\node_modules\jasmine-core\lib\jasmine-core\jasmine.js:3219:18)
    at Object.&lt;anonymous&gt; (C:\protractor\protractor\resource\list-of-references\filter-list-of-references\work-with-extended-filter\additional\setSelectorNo.js:5:1)
    at Module._compile (module.js:425:26)
    at Object.Module._extensions..js (module.js:432:10)
    at Module.load (module.js:356:32)
    at Function.Module._load (module.js:311:12)</stack-trace>
			</failure>
		</test-case>
		<test-case start="1447857172952" stop="1447857173252" status="failed">
			<name>Внешний вид. Период повторения.</name>
			<title>Внешний вид. Период повторения.</title>
			<description></description>
			<labels>
			</labels>
			<steps>
			</steps>
			<attachments>
			</attachments>
			<failure>
				<message>Failed: load is not defined</message>
				<stack-trace>ReferenceError: load is not defined
    at Object.&lt;anonymous&gt; (C:\protractor\protractor\resource\list-of-references\filter-list-of-references\work-with-extended-filter\additional\setSelectorNo.js:19:5)
    at C:\Users\marina.peunkova\AppData\Roaming\npm\node_modules\protractor\node_modules\jasminewd2\index.js:96:23
    at new promise.Promise (C:/Users/marina.peunkova/AppData/Roaming/npm/node_modules/protractor/node_modules/selenium-webdriver/lib/goog/../webdriver/promise.js:368:5)
    at controlFlowExecute (C:\Users\marina.peunkova\AppData\Roaming\npm\node_modules\protractor\node_modules\jasminewd2\index.js:82:18)
    at [object Object].promise.ControlFlow.runInFrame_ (C:/Users/marina.peunkova/AppData/Roaming/npm/node_modules/protractor/node_modules/selenium-webdriver/lib/goog/../webdriver/promise.js:1857:20)
    at [object Object].promise.ControlFlow.runEventLoop_ (C:/Users/marina.peunkova/AppData/Roaming/npm/node_modules/protractor/node_modules/selenium-webdriver/lib/goog/../webdriver/promise.js:1729:8)
    at [object Object].eval (C:/Users/marina.peunkova/AppData/Roaming/npm/node_modules/protractor/node_modules/selenium-webdriver/lib/goog/../webdriver/promise.js:2043:12)
    at goog.async.run.processWorkQueue (C:\Users\marina.peunkova\AppData\Roaming\npm\node_modules\protractor\node_modules\selenium-webdriver\lib\goog\async\run.js:130:15)
    at process._tickCallback (node.js:377:9)
From: Task: Run beforeAll in control flow
    at Object.&lt;anonymous&gt; (C:\Users\marina.peunkova\AppData\Roaming\npm\node_modules\protractor\node_modules\jasminewd2\index.js:81:14)
    at attemptAsync (C:\Users\marina.peunkova\AppData\Roaming\npm\node_modules\protractor\node_modules\jasmine-core\lib\jasmine-core\jasmine.js:1819:24)
    at QueueRunner.run (C:\Users\marina.peunkova\AppData\Roaming\npm\node_modules\protractor\node_modules\jasmine-core\lib\jasmine-core\jasmine.js:1774:9)
    at QueueRunner.execute (C:\Users\marina.peunkova\AppData\Roaming\npm\node_modules\protractor\node_modules\jasmine-core\lib\jasmine-core\jasmine.js:1762:10)
    at Env.queueRunnerFactory (C:\Users\marina.peunkova\AppData\Roaming\npm\node_modules\protractor\node_modules\jasmine-core\lib\jasmine-core\jasmine.js:627:35)
    at Object.fn (C:\Users\marina.peunkova\AppData\Roaming\npm\node_modules\protractor\node_modules\jasmine-core\lib\jasmine-core\jasmine.js:2345:13)
    at attemptAsync (C:\Users\marina.peunkova\AppData\Roaming\npm\node_modules\protractor\node_modules\jasmine-core\lib\jasmine-core\jasmine.js:1819:24)
    at QueueRunner.run (C:\Users\marina.peunkova\AppData\Roaming\npm\node_modules\protractor\node_modules\jasmine-core\lib\jasmine-core\jasmine.js:1774:9)
    at C:\Users\marina.peunkova\AppData\Roaming\npm\node_modules\protractor\node_modules\jasmine-core\lib\jasmine-core\jasmine.js:1801:16
    at C:\Users\marina.peunkova\AppData\Roaming\npm\node_modules\protractor\node_modules\jasmine-core\lib\jasmine-core\jasmine.js:1745:9
From asynchronous test: 
Error
    at Suite.&lt;anonymous&gt; (C:\protractor\protractor\resource\list-of-references\filter-list-of-references\work-with-extended-filter\additional\setSelectorNo.js:16:3)
    at addSpecsToSuite (C:\Users\marina.peunkova\AppData\Roaming\npm\node_modules\protractor\node_modules\jasmine-core\lib\jasmine-core\jasmine.js:743:25)
    at Env.describe (C:\Users\marina.peunkova\AppData\Roaming\npm\node_modules\protractor\node_modules\jasmine-core\lib\jasmine-core\jasmine.js:713:7)
    at jasmineInterface.describe (C:\Users\marina.peunkova\AppData\Roaming\npm\node_modules\protractor\node_modules\jasmine-core\lib\jasmine-core\jasmine.js:3219:18)
    at Object.&lt;anonymous&gt; (C:\protractor\protractor\resource\list-of-references\filter-list-of-references\work-with-extended-filter\additional\setSelectorNo.js:5:1)
    at Module._compile (module.js:425:26)
    at Object.Module._extensions..js (module.js:432:10)
    at Module.load (module.js:356:32)
    at Function.Module._load (module.js:311:12)</stack-trace>
			</failure>
		</test-case>
		<test-case start="1447857173262" stop="1447857173272" status="failed">
			<name>Внешний вид. Значение radio button по умолчанию.</name>
			<title>Внешний вид. Значение radio button по умолчанию.</title>
			<description></description>
			<labels>
			</labels>
			<steps>
			</steps>
			<attachments>
			</attachments>
			<failure>
				<message>Failed: load is not defined</message>
				<stack-trace>ReferenceError: load is not defined
    at Object.&lt;anonymous&gt; (C:\protractor\protractor\resource\list-of-references\filter-list-of-references\work-with-extended-filter\additional\setSelectorNo.js:19:5)
    at C:\Users\marina.peunkova\AppData\Roaming\npm\node_modules\protractor\node_modules\jasminewd2\index.js:96:23
    at new promise.Promise (C:/Users/marina.peunkova/AppData/Roaming/npm/node_modules/protractor/node_modules/selenium-webdriver/lib/goog/../webdriver/promise.js:368:5)
    at controlFlowExecute (C:\Users\marina.peunkova\AppData\Roaming\npm\node_modules\protractor\node_modules\jasminewd2\index.js:82:18)
    at [object Object].promise.ControlFlow.runInFrame_ (C:/Users/marina.peunkova/AppData/Roaming/npm/node_modules/protractor/node_modules/selenium-webdriver/lib/goog/../webdriver/promise.js:1857:20)
    at [object Object].promise.ControlFlow.runEventLoop_ (C:/Users/marina.peunkova/AppData/Roaming/npm/node_modules/protractor/node_modules/selenium-webdriver/lib/goog/../webdriver/promise.js:1729:8)
    at [object Object].eval (C:/Users/marina.peunkova/AppData/Roaming/npm/node_modules/protractor/node_modules/selenium-webdriver/lib/goog/../webdriver/promise.js:2043:12)
    at goog.async.run.processWorkQueue (C:\Users\marina.peunkova\AppData\Roaming\npm\node_modules\protractor\node_modules\selenium-webdriver\lib\goog\async\run.js:130:15)
    at process._tickCallback (node.js:377:9)
From: Task: Run beforeAll in control flow
    at Object.&lt;anonymous&gt; (C:\Users\marina.peunkova\AppData\Roaming\npm\node_modules\protractor\node_modules\jasminewd2\index.js:81:14)
    at attemptAsync (C:\Users\marina.peunkova\AppData\Roaming\npm\node_modules\protractor\node_modules\jasmine-core\lib\jasmine-core\jasmine.js:1819:24)
    at QueueRunner.run (C:\Users\marina.peunkova\AppData\Roaming\npm\node_modules\protractor\node_modules\jasmine-core\lib\jasmine-core\jasmine.js:1774:9)
    at QueueRunner.execute (C:\Users\marina.peunkova\AppData\Roaming\npm\node_modules\protractor\node_modules\jasmine-core\lib\jasmine-core\jasmine.js:1762:10)
    at Env.queueRunnerFactory (C:\Users\marina.peunkova\AppData\Roaming\npm\node_modules\protractor\node_modules\jasmine-core\lib\jasmine-core\jasmine.js:627:35)
    at Object.fn (C:\Users\marina.peunkova\AppData\Roaming\npm\node_modules\protractor\node_modules\jasmine-core\lib\jasmine-core\jasmine.js:2345:13)
    at attemptAsync (C:\Users\marina.peunkova\AppData\Roaming\npm\node_modules\protractor\node_modules\jasmine-core\lib\jasmine-core\jasmine.js:1819:24)
    at QueueRunner.run (C:\Users\marina.peunkova\AppData\Roaming\npm\node_modules\protractor\node_modules\jasmine-core\lib\jasmine-core\jasmine.js:1774:9)
    at C:\Users\marina.peunkova\AppData\Roaming\npm\node_modules\protractor\node_modules\jasmine-core\lib\jasmine-core\jasmine.js:1801:16
    at C:\Users\marina.peunkova\AppData\Roaming\npm\node_modules\protractor\node_modules\jasmine-core\lib\jasmine-core\jasmine.js:1745:9
From asynchronous test: 
Error
    at Suite.&lt;anonymous&gt; (C:\protractor\protractor\resource\list-of-references\filter-list-of-references\work-with-extended-filter\additional\setSelectorNo.js:16:3)
    at addSpecsToSuite (C:\Users\marina.peunkova\AppData\Roaming\npm\node_modules\protractor\node_modules\jasmine-core\lib\jasmine-core\jasmine.js:743:25)
    at Env.describe (C:\Users\marina.peunkova\AppData\Roaming\npm\node_modules\protractor\node_modules\jasmine-core\lib\jasmine-core\jasmine.js:713:7)
    at jasmineInterface.describe (C:\Users\marina.peunkova\AppData\Roaming\npm\node_modules\protractor\node_modules\jasmine-core\lib\jasmine-core\jasmine.js:3219:18)
    at Object.&lt;anonymous&gt; (C:\protractor\protractor\resource\list-of-references\filter-list-of-references\work-with-extended-filter\additional\setSelectorNo.js:5:1)
    at Module._compile (module.js:425:26)
    at Object.Module._extensions..js (module.js:432:10)
    at Module.load (module.js:356:32)
    at Function.Module._load (module.js:311:12)</stack-trace>
			</failure>
		</test-case>
		<test-case start="1447857173272" stop="1447857173282" status="failed">
			<name>Внешний вид. Доступность поля &quot;Период повторения&quot;.</name>
			<title>Внешний вид. Доступность поля &quot;Период повторения&quot;.</title>
			<description></description>
			<labels>
			</labels>
			<steps>
			</steps>
			<attachments>
			</attachments>
			<failure>
				<message>Failed: load is not defined</message>
				<stack-trace>ReferenceError: load is not defined
    at Object.&lt;anonymous&gt; (C:\protractor\protractor\resource\list-of-references\filter-list-of-references\work-with-extended-filter\additional\setSelectorNo.js:19:5)
    at C:\Users\marina.peunkova\AppData\Roaming\npm\node_modules\protractor\node_modules\jasminewd2\index.js:96:23
    at new promise.Promise (C:/Users/marina.peunkova/AppData/Roaming/npm/node_modules/protractor/node_modules/selenium-webdriver/lib/goog/../webdriver/promise.js:368:5)
    at controlFlowExecute (C:\Users\marina.peunkova\AppData\Roaming\npm\node_modules\protractor\node_modules\jasminewd2\index.js:82:18)
    at [object Object].promise.ControlFlow.runInFrame_ (C:/Users/marina.peunkova/AppData/Roaming/npm/node_modules/protractor/node_modules/selenium-webdriver/lib/goog/../webdriver/promise.js:1857:20)
    at [object Object].promise.ControlFlow.runEventLoop_ (C:/Users/marina.peunkova/AppData/Roaming/npm/node_modules/protractor/node_modules/selenium-webdriver/lib/goog/../webdriver/promise.js:1729:8)
    at [object Object].eval (C:/Users/marina.peunkova/AppData/Roaming/npm/node_modules/protractor/node_modules/selenium-webdriver/lib/goog/../webdriver/promise.js:2043:12)
    at goog.async.run.processWorkQueue (C:\Users\marina.peunkova\AppData\Roaming\npm\node_modules\protractor\node_modules\selenium-webdriver\lib\goog\async\run.js:130:15)
    at process._tickCallback (node.js:377:9)
From: Task: Run beforeAll in control flow
    at Object.&lt;anonymous&gt; (C:\Users\marina.peunkova\AppData\Roaming\npm\node_modules\protractor\node_modules\jasminewd2\index.js:81:14)
    at attemptAsync (C:\Users\marina.peunkova\AppData\Roaming\npm\node_modules\protractor\node_modules\jasmine-core\lib\jasmine-core\jasmine.js:1819:24)
    at QueueRunner.run (C:\Users\marina.peunkova\AppData\Roaming\npm\node_modules\protractor\node_modules\jasmine-core\lib\jasmine-core\jasmine.js:1774:9)
    at QueueRunner.execute (C:\Users\marina.peunkova\AppData\Roaming\npm\node_modules\protractor\node_modules\jasmine-core\lib\jasmine-core\jasmine.js:1762:10)
    at Env.queueRunnerFactory (C:\Users\marina.peunkova\AppData\Roaming\npm\node_modules\protractor\node_modules\jasmine-core\lib\jasmine-core\jasmine.js:627:35)
    at Object.fn (C:\Users\marina.peunkova\AppData\Roaming\npm\node_modules\protractor\node_modules\jasmine-core\lib\jasmine-core\jasmine.js:2345:13)
    at attemptAsync (C:\Users\marina.peunkova\AppData\Roaming\npm\node_modules\protractor\node_modules\jasmine-core\lib\jasmine-core\jasmine.js:1819:24)
    at QueueRunner.run (C:\Users\marina.peunkova\AppData\Roaming\npm\node_modules\protractor\node_modules\jasmine-core\lib\jasmine-core\jasmine.js:1774:9)
    at C:\Users\marina.peunkova\AppData\Roaming\npm\node_modules\protractor\node_modules\jasmine-core\lib\jasmine-core\jasmine.js:1801:16
    at C:\Users\marina.peunkova\AppData\Roaming\npm\node_modules\protractor\node_modules\jasmine-core\lib\jasmine-core\jasmine.js:1745:9
From asynchronous test: 
Error
    at Suite.&lt;anonymous&gt; (C:\protractor\protractor\resource\list-of-references\filter-list-of-references\work-with-extended-filter\additional\setSelectorNo.js:16:3)
    at addSpecsToSuite (C:\Users\marina.peunkova\AppData\Roaming\npm\node_modules\protractor\node_modules\jasmine-core\lib\jasmine-core\jasmine.js:743:25)
    at Env.describe (C:\Users\marina.peunkova\AppData\Roaming\npm\node_modules\protractor\node_modules\jasmine-core\lib\jasmine-core\jasmine.js:713:7)
    at jasmineInterface.describe (C:\Users\marina.peunkova\AppData\Roaming\npm\node_modules\protractor\node_modules\jasmine-core\lib\jasmine-core\jasmine.js:3219:18)
    at Object.&lt;anonymous&gt; (C:\protractor\protractor\resource\list-of-references\filter-list-of-references\work-with-extended-filter\additional\setSelectorNo.js:5:1)
    at Module._compile (module.js:425:26)
    at Object.Module._extensions..js (module.js:432:10)
    at Module.load (module.js:356:32)
    at Function.Module._load (module.js:311:12)</stack-trace>
			</failure>
		</test-case>
		<test-case start="1447857173282" stop="1447857173282" status="failed">
			<name>Установить переключатель &quot;Нет&quot;</name>
			<title>Установить переключатель &quot;Нет&quot;</title>
			<description></description>
			<labels>
			</labels>
			<steps>
			</steps>
			<attachments>
			</attachments>
			<failure>
				<message>Failed: load is not defined</message>
				<stack-trace>ReferenceError: load is not defined
    at Object.&lt;anonymous&gt; (C:\protractor\protractor\resource\list-of-references\filter-list-of-references\work-with-extended-filter\additional\setSelectorNo.js:19:5)
    at C:\Users\marina.peunkova\AppData\Roaming\npm\node_modules\protractor\node_modules\jasminewd2\index.js:96:23
    at new promise.Promise (C:/Users/marina.peunkova/AppData/Roaming/npm/node_modules/protractor/node_modules/selenium-webdriver/lib/goog/../webdriver/promise.js:368:5)
    at controlFlowExecute (C:\Users\marina.peunkova\AppData\Roaming\npm\node_modules\protractor\node_modules\jasminewd2\index.js:82:18)
    at [object Object].promise.ControlFlow.runInFrame_ (C:/Users/marina.peunkova/AppData/Roaming/npm/node_modules/protractor/node_modules/selenium-webdriver/lib/goog/../webdriver/promise.js:1857:20)
    at [object Object].promise.ControlFlow.runEventLoop_ (C:/Users/marina.peunkova/AppData/Roaming/npm/node_modules/protractor/node_modules/selenium-webdriver/lib/goog/../webdriver/promise.js:1729:8)
    at [object Object].eval (C:/Users/marina.peunkova/AppData/Roaming/npm/node_modules/protractor/node_modules/selenium-webdriver/lib/goog/../webdriver/promise.js:2043:12)
    at goog.async.run.processWorkQueue (C:\Users\marina.peunkova\AppData\Roaming\npm\node_modules\protractor\node_modules\selenium-webdriver\lib\goog\async\run.js:130:15)
    at process._tickCallback (node.js:377:9)
From: Task: Run beforeAll in control flow
    at Object.&lt;anonymous&gt; (C:\Users\marina.peunkova\AppData\Roaming\npm\node_modules\protractor\node_modules\jasminewd2\index.js:81:14)
    at attemptAsync (C:\Users\marina.peunkova\AppData\Roaming\npm\node_modules\protractor\node_modules\jasmine-core\lib\jasmine-core\jasmine.js:1819:24)
    at QueueRunner.run (C:\Users\marina.peunkova\AppData\Roaming\npm\node_modules\protractor\node_modules\jasmine-core\lib\jasmine-core\jasmine.js:1774:9)
    at QueueRunner.execute (C:\Users\marina.peunkova\AppData\Roaming\npm\node_modules\protractor\node_modules\jasmine-core\lib\jasmine-core\jasmine.js:1762:10)
    at Env.queueRunnerFactory (C:\Users\marina.peunkova\AppData\Roaming\npm\node_modules\protractor\node_modules\jasmine-core\lib\jasmine-core\jasmine.js:627:35)
    at Object.fn (C:\Users\marina.peunkova\AppData\Roaming\npm\node_modules\protractor\node_modules\jasmine-core\lib\jasmine-core\jasmine.js:2345:13)
    at attemptAsync (C:\Users\marina.peunkova\AppData\Roaming\npm\node_modules\protractor\node_modules\jasmine-core\lib\jasmine-core\jasmine.js:1819:24)
    at QueueRunner.run (C:\Users\marina.peunkova\AppData\Roaming\npm\node_modules\protractor\node_modules\jasmine-core\lib\jasmine-core\jasmine.js:1774:9)
    at C:\Users\marina.peunkova\AppData\Roaming\npm\node_modules\protractor\node_modules\jasmine-core\lib\jasmine-core\jasmine.js:1801:16
    at C:\Users\marina.peunkova\AppData\Roaming\npm\node_modules\protractor\node_modules\jasmine-core\lib\jasmine-core\jasmine.js:1745:9
From asynchronous test: 
Error
    at Suite.&lt;anonymous&gt; (C:\protractor\protractor\resource\list-of-references\filter-list-of-references\work-with-extended-filter\additional\setSelectorNo.js:16:3)
    at addSpecsToSuite (C:\Users\marina.peunkova\AppData\Roaming\npm\node_modules\protractor\node_modules\jasmine-core\lib\jasmine-core\jasmine.js:743:25)
    at Env.describe (C:\Users\marina.peunkova\AppData\Roaming\npm\node_modules\protractor\node_modules\jasmine-core\lib\jasmine-core\jasmine.js:713:7)
    at jasmineInterface.describe (C:\Users\marina.peunkova\AppData\Roaming\npm\node_modules\protractor\node_modules\jasmine-core\lib\jasmine-core\jasmine.js:3219:18)
    at Object.&lt;anonymous&gt; (C:\protractor\protractor\resource\list-of-references\filter-list-of-references\work-with-extended-filter\additional\setSelectorNo.js:5:1)
    at Module._compile (module.js:425:26)
    at Object.Module._extensions..js (module.js:432:10)
    at Module.load (module.js:356:32)
    at Function.Module._load (module.js:311:12)</stack-trace>
			</failure>
		</test-case>
		<test-case start="1447857173292" stop="1447857173292" status="failed">
			<name>Установить фокус в поле &quot;Период повторения&quot;</name>
			<title>Установить фокус в поле &quot;Период повторения&quot;</title>
			<description></description>
			<labels>
			</labels>
			<steps>
			</steps>
			<attachments>
			</attachments>
			<failure>
				<message>Failed: load is not defined</message>
				<stack-trace>ReferenceError: load is not defined
    at Object.&lt;anonymous&gt; (C:\protractor\protractor\resource\list-of-references\filter-list-of-references\work-with-extended-filter\additional\setSelectorNo.js:19:5)
    at C:\Users\marina.peunkova\AppData\Roaming\npm\node_modules\protractor\node_modules\jasminewd2\index.js:96:23
    at new promise.Promise (C:/Users/marina.peunkova/AppData/Roaming/npm/node_modules/protractor/node_modules/selenium-webdriver/lib/goog/../webdriver/promise.js:368:5)
    at controlFlowExecute (C:\Users\marina.peunkova\AppData\Roaming\npm\node_modules\protractor\node_modules\jasminewd2\index.js:82:18)
    at [object Object].promise.ControlFlow.runInFrame_ (C:/Users/marina.peunkova/AppData/Roaming/npm/node_modules/protractor/node_modules/selenium-webdriver/lib/goog/../webdriver/promise.js:1857:20)
    at [object Object].promise.ControlFlow.runEventLoop_ (C:/Users/marina.peunkova/AppData/Roaming/npm/node_modules/protractor/node_modules/selenium-webdriver/lib/goog/../webdriver/promise.js:1729:8)
    at [object Object].eval (C:/Users/marina.peunkova/AppData/Roaming/npm/node_modules/protractor/node_modules/selenium-webdriver/lib/goog/../webdriver/promise.js:2043:12)
    at goog.async.run.processWorkQueue (C:\Users\marina.peunkova\AppData\Roaming\npm\node_modules\protractor\node_modules\selenium-webdriver\lib\goog\async\run.js:130:15)
    at process._tickCallback (node.js:377:9)
From: Task: Run beforeAll in control flow
    at Object.&lt;anonymous&gt; (C:\Users\marina.peunkova\AppData\Roaming\npm\node_modules\protractor\node_modules\jasminewd2\index.js:81:14)
    at attemptAsync (C:\Users\marina.peunkova\AppData\Roaming\npm\node_modules\protractor\node_modules\jasmine-core\lib\jasmine-core\jasmine.js:1819:24)
    at QueueRunner.run (C:\Users\marina.peunkova\AppData\Roaming\npm\node_modules\protractor\node_modules\jasmine-core\lib\jasmine-core\jasmine.js:1774:9)
    at QueueRunner.execute (C:\Users\marina.peunkova\AppData\Roaming\npm\node_modules\protractor\node_modules\jasmine-core\lib\jasmine-core\jasmine.js:1762:10)
    at Env.queueRunnerFactory (C:\Users\marina.peunkova\AppData\Roaming\npm\node_modules\protractor\node_modules\jasmine-core\lib\jasmine-core\jasmine.js:627:35)
    at Object.fn (C:\Users\marina.peunkova\AppData\Roaming\npm\node_modules\protractor\node_modules\jasmine-core\lib\jasmine-core\jasmine.js:2345:13)
    at attemptAsync (C:\Users\marina.peunkova\AppData\Roaming\npm\node_modules\protractor\node_modules\jasmine-core\lib\jasmine-core\jasmine.js:1819:24)
    at QueueRunner.run (C:\Users\marina.peunkova\AppData\Roaming\npm\node_modules\protractor\node_modules\jasmine-core\lib\jasmine-core\jasmine.js:1774:9)
    at C:\Users\marina.peunkova\AppData\Roaming\npm\node_modules\protractor\node_modules\jasmine-core\lib\jasmine-core\jasmine.js:1801:16
    at C:\Users\marina.peunkova\AppData\Roaming\npm\node_modules\protractor\node_modules\jasmine-core\lib\jasmine-core\jasmine.js:1745:9
From asynchronous test: 
Error
    at Suite.&lt;anonymous&gt; (C:\protractor\protractor\resource\list-of-references\filter-list-of-references\work-with-extended-filter\additional\setSelectorNo.js:16:3)
    at addSpecsToSuite (C:\Users\marina.peunkova\AppData\Roaming\npm\node_modules\protractor\node_modules\jasmine-core\lib\jasmine-core\jasmine.js:743:25)
    at Env.describe (C:\Users\marina.peunkova\AppData\Roaming\npm\node_modules\protractor\node_modules\jasmine-core\lib\jasmine-core\jasmine.js:713:7)
    at jasmineInterface.describe (C:\Users\marina.peunkova\AppData\Roaming\npm\node_modules\protractor\node_modules\jasmine-core\lib\jasmine-core\jasmine.js:3219:18)
    at Object.&lt;anonymous&gt; (C:\protractor\protractor\resource\list-of-references\filter-list-of-references\work-with-extended-filter\additional\setSelectorNo.js:5:1)
    at Module._compile (module.js:425:26)
    at Object.Module._extensions..js (module.js:432:10)
    at Module.load (module.js:356:32)
    at Function.Module._load (module.js:311:12)</stack-trace>
			</failure>
		</test-case>
		<test-case start="1447857173292" stop="1447857173622" status="failed">
			<name>Нажать &quot;Применить&quot;</name>
			<title>Нажать &quot;Применить&quot;</title>
			<description></description>
			<labels>
			</labels>
			<steps>
			</steps>
			<attachments>
			</attachments>
			<failure>
				<message>Failed: load is not defined</message>
				<stack-trace>ReferenceError: load is not defined
    at Object.&lt;anonymous&gt; (C:\protractor\protractor\resource\list-of-references\filter-list-of-references\work-with-extended-filter\additional\setSelectorNo.js:19:5)
    at C:\Users\marina.peunkova\AppData\Roaming\npm\node_modules\protractor\node_modules\jasminewd2\index.js:96:23
    at new promise.Promise (C:/Users/marina.peunkova/AppData/Roaming/npm/node_modules/protractor/node_modules/selenium-webdriver/lib/goog/../webdriver/promise.js:368:5)
    at controlFlowExecute (C:\Users\marina.peunkova\AppData\Roaming\npm\node_modules\protractor\node_modules\jasminewd2\index.js:82:18)
    at [object Object].promise.ControlFlow.runInFrame_ (C:/Users/marina.peunkova/AppData/Roaming/npm/node_modules/protractor/node_modules/selenium-webdriver/lib/goog/../webdriver/promise.js:1857:20)
    at [object Object].promise.ControlFlow.runEventLoop_ (C:/Users/marina.peunkova/AppData/Roaming/npm/node_modules/protractor/node_modules/selenium-webdriver/lib/goog/../webdriver/promise.js:1729:8)
    at [object Object].eval (C:/Users/marina.peunkova/AppData/Roaming/npm/node_modules/protractor/node_modules/selenium-webdriver/lib/goog/../webdriver/promise.js:2043:12)
    at goog.async.run.processWorkQueue (C:\Users\marina.peunkova\AppData\Roaming\npm\node_modules\protractor\node_modules\selenium-webdriver\lib\goog\async\run.js:130:15)
    at process._tickCallback (node.js:377:9)
From: Task: Run beforeAll in control flow
    at Object.&lt;anonymous&gt; (C:\Users\marina.peunkova\AppData\Roaming\npm\node_modules\protractor\node_modules\jasminewd2\index.js:81:14)
    at attemptAsync (C:\Users\marina.peunkova\AppData\Roaming\npm\node_modules\protractor\node_modules\jasmine-core\lib\jasmine-core\jasmine.js:1819:24)
    at QueueRunner.run (C:\Users\marina.peunkova\AppData\Roaming\npm\node_modules\protractor\node_modules\jasmine-core\lib\jasmine-core\jasmine.js:1774:9)
    at QueueRunner.execute (C:\Users\marina.peunkova\AppData\Roaming\npm\node_modules\protractor\node_modules\jasmine-core\lib\jasmine-core\jasmine.js:1762:10)
    at Env.queueRunnerFactory (C:\Users\marina.peunkova\AppData\Roaming\npm\node_modules\protractor\node_modules\jasmine-core\lib\jasmine-core\jasmine.js:627:35)
    at Object.fn (C:\Users\marina.peunkova\AppData\Roaming\npm\node_modules\protractor\node_modules\jasmine-core\lib\jasmine-core\jasmine.js:2345:13)
    at attemptAsync (C:\Users\marina.peunkova\AppData\Roaming\npm\node_modules\protractor\node_modules\jasmine-core\lib\jasmine-core\jasmine.js:1819:24)
    at QueueRunner.run (C:\Users\marina.peunkova\AppData\Roaming\npm\node_modules\protractor\node_modules\jasmine-core\lib\jasmine-core\jasmine.js:1774:9)
    at C:\Users\marina.peunkova\AppData\Roaming\npm\node_modules\protractor\node_modules\jasmine-core\lib\jasmine-core\jasmine.js:1801:16
    at C:\Users\marina.peunkova\AppData\Roaming\npm\node_modules\protractor\node_modules\jasmine-core\lib\jasmine-core\jasmine.js:1745:9
From asynchronous test: 
Error
    at Suite.&lt;anonymous&gt; (C:\protractor\protractor\resource\list-of-references\filter-list-of-references\work-with-extended-filter\additional\setSelectorNo.js:16:3)
    at addSpecsToSuite (C:\Users\marina.peunkova\AppData\Roaming\npm\node_modules\protractor\node_modules\jasmine-core\lib\jasmine-core\jasmine.js:743:25)
    at Env.describe (C:\Users\marina.peunkova\AppData\Roaming\npm\node_modules\protractor\node_modules\jasmine-core\lib\jasmine-core\jasmine.js:713:7)
    at jasmineInterface.describe (C:\Users\marina.peunkova\AppData\Roaming\npm\node_modules\protractor\node_modules\jasmine-core\lib\jasmine-core\jasmine.js:3219:18)
    at Object.&lt;anonymous&gt; (C:\protractor\protractor\resource\list-of-references\filter-list-of-references\work-with-extended-filter\additional\setSelectorNo.js:5:1)
    at Module._compile (module.js:425:26)
    at Object.Module._extensions..js (module.js:432:10)
    at Module.load (module.js:356:32)
    at Function.Module._load (module.js:311:12)</stack-trace>
			</failure>
		</test-case>
		<test-case start="1447857173632" stop="1447857173632" status="failed">
			<name>Снова открыть форму фильтра, закладку &quot;Дополнительно&quot;</name>
			<title>Снова открыть форму фильтра, закладку &quot;Дополнительно&quot;</title>
			<description></description>
			<labels>
			</labels>
			<steps>
			</steps>
			<attachments>
			</attachments>
			<failure>
				<message>Failed: load is not defined</message>
				<stack-trace>ReferenceError: load is not defined
    at Object.&lt;anonymous&gt; (C:\protractor\protractor\resource\list-of-references\filter-list-of-references\work-with-extended-filter\additional\setSelectorNo.js:19:5)
    at C:\Users\marina.peunkova\AppData\Roaming\npm\node_modules\protractor\node_modules\jasminewd2\index.js:96:23
    at new promise.Promise (C:/Users/marina.peunkova/AppData/Roaming/npm/node_modules/protractor/node_modules/selenium-webdriver/lib/goog/../webdriver/promise.js:368:5)
    at controlFlowExecute (C:\Users\marina.peunkova\AppData\Roaming\npm\node_modules\protractor\node_modules\jasminewd2\index.js:82:18)
    at [object Object].promise.ControlFlow.runInFrame_ (C:/Users/marina.peunkova/AppData/Roaming/npm/node_modules/protractor/node_modules/selenium-webdriver/lib/goog/../webdriver/promise.js:1857:20)
    at [object Object].promise.ControlFlow.runEventLoop_ (C:/Users/marina.peunkova/AppData/Roaming/npm/node_modules/protractor/node_modules/selenium-webdriver/lib/goog/../webdriver/promise.js:1729:8)
    at [object Object].eval (C:/Users/marina.peunkova/AppData/Roaming/npm/node_modules/protractor/node_modules/selenium-webdriver/lib/goog/../webdriver/promise.js:2043:12)
    at goog.async.run.processWorkQueue (C:\Users\marina.peunkova\AppData\Roaming\npm\node_modules\protractor\node_modules\selenium-webdriver\lib\goog\async\run.js:130:15)
    at process._tickCallback (node.js:377:9)
From: Task: Run beforeAll in control flow
    at Object.&lt;anonymous&gt; (C:\Users\marina.peunkova\AppData\Roaming\npm\node_modules\protractor\node_modules\jasminewd2\index.js:81:14)
    at attemptAsync (C:\Users\marina.peunkova\AppData\Roaming\npm\node_modules\protractor\node_modules\jasmine-core\lib\jasmine-core\jasmine.js:1819:24)
    at QueueRunner.run (C:\Users\marina.peunkova\AppData\Roaming\npm\node_modules\protractor\node_modules\jasmine-core\lib\jasmine-core\jasmine.js:1774:9)
    at QueueRunner.execute (C:\Users\marina.peunkova\AppData\Roaming\npm\node_modules\protractor\node_modules\jasmine-core\lib\jasmine-core\jasmine.js:1762:10)
    at Env.queueRunnerFactory (C:\Users\marina.peunkova\AppData\Roaming\npm\node_modules\protractor\node_modules\jasmine-core\lib\jasmine-core\jasmine.js:627:35)
    at Object.fn (C:\Users\marina.peunkova\AppData\Roaming\npm\node_modules\protractor\node_modules\jasmine-core\lib\jasmine-core\jasmine.js:2345:13)
    at attemptAsync (C:\Users\marina.peunkova\AppData\Roaming\npm\node_modules\protractor\node_modules\jasmine-core\lib\jasmine-core\jasmine.js:1819:24)
    at QueueRunner.run (C:\Users\marina.peunkova\AppData\Roaming\npm\node_modules\protractor\node_modules\jasmine-core\lib\jasmine-core\jasmine.js:1774:9)
    at C:\Users\marina.peunkova\AppData\Roaming\npm\node_modules\protractor\node_modules\jasmine-core\lib\jasmine-core\jasmine.js:1801:16
    at C:\Users\marina.peunkova\AppData\Roaming\npm\node_modules\protractor\node_modules\jasmine-core\lib\jasmine-core\jasmine.js:1745:9
From asynchronous test: 
Error
    at Suite.&lt;anonymous&gt; (C:\protractor\protractor\resource\list-of-references\filter-list-of-references\work-with-extended-filter\additional\setSelectorNo.js:16:3)
    at addSpecsToSuite (C:\Users\marina.peunkova\AppData\Roaming\npm\node_modules\protractor\node_modules\jasmine-core\lib\jasmine-core\jasmine.js:743:25)
    at Env.describe (C:\Users\marina.peunkova\AppData\Roaming\npm\node_modules\protractor\node_modules\jasmine-core\lib\jasmine-core\jasmine.js:713:7)
    at jasmineInterface.describe (C:\Users\marina.peunkova\AppData\Roaming\npm\node_modules\protractor\node_modules\jasmine-core\lib\jasmine-core\jasmine.js:3219:18)
    at Object.&lt;anonymous&gt; (C:\protractor\protractor\resource\list-of-references\filter-list-of-references\work-with-extended-filter\additional\setSelectorNo.js:5:1)
    at Module._compile (module.js:425:26)
    at Object.Module._extensions..js (module.js:432:10)
    at Module.load (module.js:356:32)
    at Function.Module._load (module.js:311:12)</stack-trace>
			</failure>
		</test-case>
	</test-cases>
</ns2:test-suite>